

Started GET "/" for 127.0.0.1 at 2016-02-02 15:56:09 +0200
Processing by Rails::WelcomeController#index as HTML
  Rendered /home/admxc/.rvm/gems/ruby-2.1.4@rails418/gems/railties-4.1.8/lib/rails/templates/rails/welcome/index.html.erb (6.4ms)
Completed 200 OK in 161ms (Views: 110.9ms | ActiveRecord: 0.0ms)


Started GET "/" for 127.0.0.1 at 2016-02-02 17:38:52 +0200
Processing by Rails::WelcomeController#index as HTML
  Rendered /home/admxc/.rvm/gems/ruby-2.1.4@rails418/gems/railties-4.1.8/lib/rails/templates/rails/welcome/index.html.erb (4.1ms)
Completed 200 OK in 217ms (Views: 66.5ms | ActiveRecord: 0.0ms)


Started GET "/" for 127.0.0.1 at 2016-02-03 00:10:07 +0200
Processing by Rails::WelcomeController#index as HTML
  Rendered /home/admxc/.rvm/gems/ruby-2.1.4@rails418/gems/railties-4.1.8/lib/rails/templates/rails/welcome/index.html.erb (3.7ms)
Completed 200 OK in 125ms (Views: 96.2ms | ActiveRecord: 0.0ms)


Started GET "/" for 127.0.0.1 at 2016-02-03 00:16:28 +0200
Processing by Rails::WelcomeController#index as HTML
  Rendered /home/admxc/.rvm/gems/ruby-2.1.4@rails418/gems/railties-4.1.8/lib/rails/templates/rails/welcome/index.html.erb (16.8ms)
Completed 200 OK in 124ms (Views: 123.1ms | ActiveRecord: 0.0ms)


Started GET "/rails/info/properties" for 127.0.0.1 at 2016-02-03 00:16:32 +0200
Processing by Rails::InfoController#properties as HTML
  Rendered /home/admxc/.rvm/gems/ruby-2.1.4@rails418/gems/railties-4.1.8/lib/rails/templates/rails/info/properties.html.erb (1.1ms)
Completed 200 OK in 1067ms (Views: 83.8ms | ActiveRecord: 375.6ms)
  [1m[36m (207.8ms)[0m  [1mCREATE TABLE "schema_migrations" ("version" varchar(255) NOT NULL) [0m
  [1m[35m (0.5ms)[0m  select sqlite_version(*)
  [1m[36m (154.6ms)[0m  [1mCREATE UNIQUE INDEX "unique_schema_migrations" ON "schema_migrations" ("version")[0m
  [1m[35mActiveRecord::SchemaMigration Load (0.8ms)[0m  SELECT "schema_migrations".* FROM "schema_migrations"
Migrating to DeviseCreateUsers (20160202224244)
  [1m[36m (0.4ms)[0m  [1mbegin transaction[0m
  [1m[35m (3.1ms)[0m  CREATE TABLE "users" ("id" INTEGER PRIMARY KEY AUTOINCREMENT NOT NULL, "email" varchar(255) DEFAULT '' NOT NULL, "encrypted_password" varchar(255) DEFAULT '' NOT NULL, "reset_password_token" varchar(255), "reset_password_sent_at" datetime, "remember_created_at" datetime, "sign_in_count" integer DEFAULT 0 NOT NULL, "current_sign_in_at" datetime, "last_sign_in_at" datetime, "current_sign_in_ip" varchar(255), "last_sign_in_ip" varchar(255), "created_at" datetime NOT NULL, "updated_at" datetime NOT NULL) 
  [1m[36m (17.2ms)[0m  [1mCREATE UNIQUE INDEX "index_users_on_email" ON "users" ("email")[0m
  [1m[35m (0.9ms)[0m              SELECT sql
            FROM sqlite_master
            WHERE name='index_users_on_email' AND type='index'
            UNION ALL
            SELECT sql
            FROM sqlite_temp_master
            WHERE name='index_users_on_email' AND type='index'

  [1m[36m (1.4ms)[0m  [1mCREATE UNIQUE INDEX "index_users_on_reset_password_token" ON "users" ("reset_password_token")[0m
  [1m[35mSQL (1.2ms)[0m  INSERT INTO "schema_migrations" ("version") VALUES (?)  [["version", "20160202224244"]]
  [1m[36m (148.3ms)[0m  [1mcommit transaction[0m
  [1m[35mActiveRecord::SchemaMigration Load (0.9ms)[0m  SELECT "schema_migrations".* FROM "schema_migrations"
  [1m[36m (1.0ms)[0m  [1m            SELECT sql
            FROM sqlite_master
            WHERE name='index_users_on_reset_password_token' AND type='index'
            UNION ALL
            SELECT sql
            FROM sqlite_temp_master
            WHERE name='index_users_on_reset_password_token' AND type='index'
[0m
  [1m[35m (1.0ms)[0m              SELECT sql
            FROM sqlite_master
            WHERE name='index_users_on_email' AND type='index'
            UNION ALL
            SELECT sql
            FROM sqlite_temp_master
            WHERE name='index_users_on_email' AND type='index'

